Thu Jul  4 11:00:47 PM CEST 2024 - Fehler beim Extrahieren des Wechselkurses
Thu Jul  4 11:03:30 PM CEST 2024 - Amount: 1, From: CHF, To: USD, Result: 1 CHF = 1.1115 USD
Thu Jul  4 11:05:52 PM CEST 2024 - Amount: 1, From: CHF, To: EUR, Result: 1 CHF = 1.0291 EUR
Thu Jul  4 11:05:59 PM CEST 2024 - Amount: 1, From: CHF, To: GBP, Result: 1 CHF = 0.87129 GBP
Thu Jul  4 11:10:50 PM CEST 2024 - Amount: 1, From: CHF, To: USD, Result: 1 CHF = 1.1115 USD
Thu Jul  4 11:10:59 PM CEST 2024 - Amount: 1, From: CHF, To: EUR, Result: 1 CHF = 1.0291 EUR
Thu Jul  4 11:11:09 PM CEST 2024 - Amount: 1, From: CHF, To: GBP, Result: 1 CHF = 0.87129 GBP
Thu Jul  4 11:29:48 PM CEST 2024 - 1 CHF = 1.1115 USD
Thu Jul  4 11:29:55 PM CEST 2024 - 1 CHF = 1.0291 EUR
Thu Jul  4 11:30:01 PM CEST 2024 - 1 CHF = 0.87129 GBP
Thu Jul  4 11:48:30 PM CEST 2024 - 1 CHF = 1.0291 EUR
Fri Jul  5 08:07:32 AM CEST 2024 - 1 CHF = 1.1115 USD
Fri Jul  5 08:07:37 AM CEST 2024 - 1 CHF = 1.0291 EUR
Fri Jul  5 08:07:51 AM CEST 2024 - 1 CHF = 0.87129 GBP
Fri Jul  5 09:08:33 AM CEST 2024 - 1 CHF = 1.1115 USD
Fri Jul  5 09:10:01 CEST 2024 - 1 CHF = 1.0291 EUR
Fri Jul  5 09:11:01 CEST 2024 - 1 CHF = 1.0291 EUR
Fri Jul  5 09:12:01 CEST 2024 - 1 CHF = 1.0291 EUR
Fri Jul  5 09:13:01 CEST 2024 - 1 CHF = 1.0291 EUR
Fri Jul  5 09:14:01 CEST 2024 - 1 CHF = 1.0291 EUR
Fri Jul  5 09:15:01 CEST 2024 - 1 CHF = 1.0291 EUR
Fri Jul  5 09:16:02 CEST 2024 - 1 CHF = 1.0291 EUR
Fri Jul  5 09:17:01 CEST 2024 - 1 CHF = 1.0291 EUR
Fri Jul  5 09:18:01 CEST 2024 - 1 CHF = 1.0291 EUR
Fri Jul  5 09:19:01 CEST 2024 - 1 CHF = 1.0291 EUR
Fri Jul  5 09:20:01 CEST 2024 - 1 CHF = 1.0291 EUR
Fri Jul  5 09:21:01 CEST 2024 - 1 CHF = 1.0291 EUR
Fri Jul  5 09:22:01 CEST 2024 - 1 CHF = 1.0291 EUR
Fri Jul  5 09:23:02 CEST 2024 - 1 CHF = 1.0291 EUR
Fri Jul  5 09:24:01 CEST 2024 - 1 CHF = 1.0291 EUR
Fri Jul  5 09:25:01 CEST 2024 - 1 CHF = 1.0291 EUR
Fri Jul  5 09:26:01 CEST 2024 - 1 CHF = 1.0291 EUR
Fri Jul  5 09:27:01 CEST 2024 - 1 CHF = 1.0291 EUR
Fri Jul  5 09:28:01 CEST 2024 - 1 CHF = 1.0291 EUR
Fri Jul  5 09:29:01 CEST 2024 - 1 CHF = 1.0291 EUR
Fri Jul  5 09:30:02 CEST 2024 - 1 CHF = 1.0291 EUR
Fri Jul  5 09:31:01 CEST 2024 - 1 CHF = 1.0291 EUR
Fri Jul  5 09:32:01 CEST 2024 - 1 CHF = 1.0291 EUR
Fri Jul  5 09:33:01 CEST 2024 - 1 CHF = 1.0291 EUR
Fri Jul  5 09:34:01 CEST 2024 - 1 CHF = 1.0291 EUR
Fri Jul  5 09:35:02 CEST 2024 - 1 CHF = 1.0291 EUR
Fri Jul  5 09:36:01 CEST 2024 - 1 CHF = 1.0291 EUR
Fri Jul  5 09:37:01 CEST 2024 - 1 CHF = 1.0291 EUR
Fri Jul  5 09:39:05 CEST 2024 - 1 CHF = 1.0291 EUR
Fri Jul  5 09:39:05 CEST 2024 - 1 CHF = 1.0291 EUR
Fri Jul  5 09:40:01 CEST 2024 - 1 CHF = 1.0291 EUR
Fri Jul  5 09:41:01 CEST 2024 - 1 CHF = 1.0291 EUR
Fri Jul  5 09:42:02 CEST 2024 - 1 CHF = 1.0291 EUR
